During startup - Warning messages:
1: Setting LC_CTYPE failed, using "C" 
2: Setting LC_TIME failed, using "C" 
3: Setting LC_MESSAGES failed, using "C" 
4: Setting LC_MONETARY failed, using "C" 
* installing *source* package 'findyourdreamcar' ...
** R
** data
*** moving datasets to lazyload DB
** inst
** byte-compile and prepare package for lazy loading
Warning: replacing previous import 'magrittr::set_names' by 'purrr::set_names' when loading 'findyourdreamcar'
Warning: replacing previous import 'readr::col_factor' by 'scales::col_factor' when loading 'findyourdreamcar'
Warning: replacing previous import 'purrr::discard' by 'scales::discard' when loading 'findyourdreamcar'
Warning: replacing previous import 'DT::dataTableOutput' by 'shiny::dataTableOutput' when loading 'findyourdreamcar'
Warning: replacing previous import 'DT::renderDataTable' by 'shiny::renderDataTable' when loading 'findyourdreamcar'
Warning: replacing previous import 'dplyr::filter' by 'stats::filter' when loading 'findyourdreamcar'
Warning: replacing previous import 'dplyr::lag' by 'stats::lag' when loading 'findyourdreamcar'
Note: possible error in 'filter((transmission %in% ': unused argument ((nb_portes %in% input$nb_doors) | (input$nb_doors == "No Preference")) 
Note: possible error in 'filter((transmission %in% ': unused argument ((nb_portes %in% input$nb_doors) | (input$nb_doors == "No Preference")) 
** help
*** installing help indices
** building package indices
** testing if installed package can be loaded
During startup - Warning messages:
1: Setting LC_CTYPE failed, using "C" 
2: Setting LC_TIME failed, using "C" 
3: Setting LC_MESSAGES failed, using "C" 
4: Setting LC_MONETARY failed, using "C" 
Warning: replacing previous import 'magrittr::set_names' by 'purrr::set_names' when loading 'findyourdreamcar'
Warning: replacing previous import 'readr::col_factor' by 'scales::col_factor' when loading 'findyourdreamcar'
Warning: replacing previous import 'purrr::discard' by 'scales::discard' when loading 'findyourdreamcar'
Warning: replacing previous import 'DT::dataTableOutput' by 'shiny::dataTableOutput' when loading 'findyourdreamcar'
Warning: replacing previous import 'DT::renderDataTable' by 'shiny::renderDataTable' when loading 'findyourdreamcar'
Warning: replacing previous import 'dplyr::filter' by 'stats::filter' when loading 'findyourdreamcar'
Warning: replacing previous import 'dplyr::lag' by 'stats::lag' when loading 'findyourdreamcar'
* DONE (findyourdreamcar)
